  [1m[36m (13.5ms)[0m  [1mCREATE TABLE "schema_migrations" ("version" character varying NOT NULL) [0m
  [1m[35m (15.0ms)[0m  CREATE UNIQUE INDEX  "unique_schema_migrations" ON "schema_migrations"  ("version")
  [1m[36mActiveRecord::SchemaMigration Load (0.2ms)[0m  [1mSELECT "schema_migrations".* FROM "schema_migrations"[0m
Migrating to CreateDbConnects (20151201091753)
  [1m[36mActiveRecord::SchemaMigration Load (0.2ms)[0m  [1mSELECT "schema_migrations".* FROM "schema_migrations"[0m
Migrating to CreateDbConnects (20151201091753)
  [1m[35m (0.1ms)[0m  BEGIN
  [1m[36m (21.8ms)[0m  [1mCREATE TABLE "db_connects" ("id" serial primary key, "data_base" character varying NOT NULL, "username" character varying NOT NULL, "password" character varying NOT NULL, "created_at" timestamp NOT NULL, "updated_at" timestamp NOT NULL) [0m
  [1m[35mSQL (0.2ms)[0m  INSERT INTO "schema_migrations" ("version") VALUES ($1)  [["version", "20151201091753"]]
  [1m[36m (3.6ms)[0m  [1mCOMMIT[0m
  [1m[35mActiveRecord::SchemaMigration Load (0.2ms)[0m  SELECT "schema_migrations".* FROM "schema_migrations"
  [1m[36m (1.5ms)[0m  [1mSELECT t2.oid::regclass::text AS to_table, a1.attname AS column, a2.attname AS primary_key, c.conname AS name, c.confupdtype AS on_update, c.confdeltype AS on_delete
FROM pg_constraint c
JOIN pg_class t1 ON c.conrelid = t1.oid
JOIN pg_class t2 ON c.confrelid = t2.oid
JOIN pg_attribute a1 ON a1.attnum = c.conkey[1] AND a1.attrelid = t1.oid
JOIN pg_attribute a2 ON a2.attnum = c.confkey[1] AND a2.attrelid = t2.oid
JOIN pg_namespace t3 ON c.connamespace = t3.oid
WHERE c.contype = 'f'
  AND t1.relname = 'db_connects'
  AND t3.nspname = ANY (current_schemas(false))
ORDER BY c.conname
[0m


Started GET "/" for 127.0.0.1 at 2015-12-01 12:32:32 +0300
  [1m[36mActiveRecord::SchemaMigration Load (0.4ms)[0m  [1mSELECT "schema_migrations".* FROM "schema_migrations"[0m
Processing by Rails::WelcomeController#index as HTML
  Rendered /home/mihail/.rvm/gems/ruby-2.2.1@rails4/gems/railties-4.2.5/lib/rails/templates/rails/welcome/index.html.erb (1.1ms)
Completed 200 OK in 12ms (Views: 5.6ms | ActiveRecord: 0.0ms)


Started GET "/new" for 127.0.0.1 at 2015-12-01 12:32:37 +0300

ActionController::RoutingError (No route matches [GET] "/new"):
  actionpack (4.2.5) lib/action_dispatch/middleware/debug_exceptions.rb:21:in `call'
  web-console (2.2.1) lib/web_console/middleware.rb:39:in `call'
  actionpack (4.2.5) lib/action_dispatch/middleware/show_exceptions.rb:30:in `call'
  railties (4.2.5) lib/rails/rack/logger.rb:38:in `call_app'
  railties (4.2.5) lib/rails/rack/logger.rb:20:in `block in call'
  activesupport (4.2.5) lib/active_support/tagged_logging.rb:68:in `block in tagged'
  activesupport (4.2.5) lib/active_support/tagged_logging.rb:26:in `tagged'
  activesupport (4.2.5) lib/active_support/tagged_logging.rb:68:in `tagged'
  railties (4.2.5) lib/rails/rack/logger.rb:20:in `call'
  actionpack (4.2.5) lib/action_dispatch/middleware/request_id.rb:21:in `call'
  rack (1.6.4) lib/rack/methodoverride.rb:22:in `call'
  rack (1.6.4) lib/rack/runtime.rb:18:in `call'
  activesupport (4.2.5) lib/active_support/cache/strategy/local_cache_middleware.rb:28:in `call'
  rack (1.6.4) lib/rack/lock.rb:17:in `call'
  actionpack (4.2.5) lib/action_dispatch/middleware/static.rb:116:in `call'
  rack (1.6.4) lib/rack/sendfile.rb:113:in `call'
  railties (4.2.5) lib/rails/engine.rb:518:in `call'
  railties (4.2.5) lib/rails/application.rb:165:in `call'
  rack (1.6.4) lib/rack/lock.rb:17:in `call'
  rack (1.6.4) lib/rack/content_length.rb:15:in `call'
  rack (1.6.4) lib/rack/handler/webrick.rb:88:in `service'
  /home/mihail/.rvm/rubies/ruby-2.2.1/lib/ruby/2.2.0/webrick/httpserver.rb:138:in `service'
  /home/mihail/.rvm/rubies/ruby-2.2.1/lib/ruby/2.2.0/webrick/httpserver.rb:94:in `run'
  /home/mihail/.rvm/rubies/ruby-2.2.1/lib/ruby/2.2.0/webrick/server.rb:294:in `block in start_thread'


  Rendered /home/mihail/.rvm/gems/ruby-2.2.1@rails4/gems/actionpack-4.2.5/lib/action_dispatch/middleware/templates/rescues/_trace.html.erb (0.9ms)
  Rendered /home/mihail/.rvm/gems/ruby-2.2.1@rails4/gems/actionpack-4.2.5/lib/action_dispatch/middleware/templates/routes/_route.html.erb (0.7ms)
  Rendered /home/mihail/.rvm/gems/ruby-2.2.1@rails4/gems/actionpack-4.2.5/lib/action_dispatch/middleware/templates/routes/_table.html.erb (4.6ms)
  Rendered /home/mihail/.rvm/gems/ruby-2.2.1@rails4/gems/actionpack-4.2.5/lib/action_dispatch/middleware/templates/rescues/_request_and_response.html.erb (0.9ms)
  Rendered /home/mihail/.rvm/gems/ruby-2.2.1@rails4/gems/actionpack-4.2.5/lib/action_dispatch/middleware/templates/rescues/routing_error.html.erb within rescues/layout (21.8ms)
  Rendered /home/mihail/.rvm/gems/ruby-2.2.1@rails4/gems/web-console-2.2.1/lib/web_console/templates/_markup.html.erb (0.2ms)
  Rendered /home/mihail/.rvm/gems/ruby-2.2.1@rails4/gems/web-console-2.2.1/lib/web_console/templates/_inner_console_markup.html.erb within layouts/inlined_string (0.2ms)
  Rendered /home/mihail/.rvm/gems/ruby-2.2.1@rails4/gems/web-console-2.2.1/lib/web_console/templates/_prompt_box_markup.html.erb within layouts/inlined_string (0.2ms)
  Rendered /home/mihail/.rvm/gems/ruby-2.2.1@rails4/gems/web-console-2.2.1/lib/web_console/templates/style.css.erb within layouts/inlined_string (0.2ms)
  Rendered /home/mihail/.rvm/gems/ruby-2.2.1@rails4/gems/web-console-2.2.1/lib/web_console/templates/console.js.erb within layouts/javascript (12.1ms)
  Rendered /home/mihail/.rvm/gems/ruby-2.2.1@rails4/gems/web-console-2.2.1/lib/web_console/templates/main.js.erb within layouts/javascript (0.2ms)
  Rendered /home/mihail/.rvm/gems/ruby-2.2.1@rails4/gems/web-console-2.2.1/lib/web_console/templates/error_page.js.erb within layouts/javascript (0.3ms)
  Rendered /home/mihail/.rvm/gems/ruby-2.2.1@rails4/gems/web-console-2.2.1/lib/web_console/templates/index.html.erb (24.0ms)


Started GET "/db_connect" for 127.0.0.1 at 2015-12-01 12:32:54 +0300

ActionController::RoutingError (No route matches [GET] "/db_connect"):
  actionpack (4.2.5) lib/action_dispatch/middleware/debug_exceptions.rb:21:in `call'
  web-console (2.2.1) lib/web_console/middleware.rb:39:in `call'
  actionpack (4.2.5) lib/action_dispatch/middleware/show_exceptions.rb:30:in `call'
  railties (4.2.5) lib/rails/rack/logger.rb:38:in `call_app'
  railties (4.2.5) lib/rails/rack/logger.rb:20:in `block in call'
  activesupport (4.2.5) lib/active_support/tagged_logging.rb:68:in `block in tagged'
  activesupport (4.2.5) lib/active_support/tagged_logging.rb:26:in `tagged'
  activesupport (4.2.5) lib/active_support/tagged_logging.rb:68:in `tagged'
  railties (4.2.5) lib/rails/rack/logger.rb:20:in `call'
  actionpack (4.2.5) lib/action_dispatch/middleware/request_id.rb:21:in `call'
  rack (1.6.4) lib/rack/methodoverride.rb:22:in `call'
  rack (1.6.4) lib/rack/runtime.rb:18:in `call'
  activesupport (4.2.5) lib/active_support/cache/strategy/local_cache_middleware.rb:28:in `call'
  rack (1.6.4) lib/rack/lock.rb:17:in `call'
  actionpack (4.2.5) lib/action_dispatch/middleware/static.rb:116:in `call'
  rack (1.6.4) lib/rack/sendfile.rb:113:in `call'
  railties (4.2.5) lib/rails/engine.rb:518:in `call'
  railties (4.2.5) lib/rails/application.rb:165:in `call'
  rack (1.6.4) lib/rack/lock.rb:17:in `call'
  rack (1.6.4) lib/rack/content_length.rb:15:in `call'
  rack (1.6.4) lib/rack/handler/webrick.rb:88:in `service'
  /home/mihail/.rvm/rubies/ruby-2.2.1/lib/ruby/2.2.0/webrick/httpserver.rb:138:in `service'
  /home/mihail/.rvm/rubies/ruby-2.2.1/lib/ruby/2.2.0/webrick/httpserver.rb:94:in `run'
  /home/mihail/.rvm/rubies/ruby-2.2.1/lib/ruby/2.2.0/webrick/server.rb:294:in `block in start_thread'


  Rendered /home/mihail/.rvm/gems/ruby-2.2.1@rails4/gems/actionpack-4.2.5/lib/action_dispatch/middleware/templates/rescues/_trace.html.erb (1.2ms)
  Rendered /home/mihail/.rvm/gems/ruby-2.2.1@rails4/gems/actionpack-4.2.5/lib/action_dispatch/middleware/templates/routes/_route.html.erb (0.6ms)
  Rendered /home/mihail/.rvm/gems/ruby-2.2.1@rails4/gems/actionpack-4.2.5/lib/action_dispatch/middleware/templates/routes/_table.html.erb (0.9ms)
  Rendered /home/mihail/.rvm/gems/ruby-2.2.1@rails4/gems/actionpack-4.2.5/lib/action_dispatch/middleware/templates/rescues/_request_and_response.html.erb (1.0ms)
  Rendered /home/mihail/.rvm/gems/ruby-2.2.1@rails4/gems/actionpack-4.2.5/lib/action_dispatch/middleware/templates/rescues/routing_error.html.erb within rescues/layout (17.2ms)
  Rendered /home/mihail/.rvm/gems/ruby-2.2.1@rails4/gems/web-console-2.2.1/lib/web_console/templates/_markup.html.erb (0.3ms)
  Rendered /home/mihail/.rvm/gems/ruby-2.2.1@rails4/gems/web-console-2.2.1/lib/web_console/templates/_inner_console_markup.html.erb within layouts/inlined_string (0.2ms)
  Rendered /home/mihail/.rvm/gems/ruby-2.2.1@rails4/gems/web-console-2.2.1/lib/web_console/templates/_prompt_box_markup.html.erb within layouts/inlined_string (0.2ms)
  Rendered /home/mihail/.rvm/gems/ruby-2.2.1@rails4/gems/web-console-2.2.1/lib/web_console/templates/style.css.erb within layouts/inlined_string (0.2ms)
  Rendered /home/mihail/.rvm/gems/ruby-2.2.1@rails4/gems/web-console-2.2.1/lib/web_console/templates/console.js.erb within layouts/javascript (10.9ms)
  Rendered /home/mihail/.rvm/gems/ruby-2.2.1@rails4/gems/web-console-2.2.1/lib/web_console/templates/main.js.erb within layouts/javascript (0.2ms)
  Rendered /home/mihail/.rvm/gems/ruby-2.2.1@rails4/gems/web-console-2.2.1/lib/web_console/templates/error_page.js.erb within layouts/javascript (0.2ms)
  Rendered /home/mihail/.rvm/gems/ruby-2.2.1@rails4/gems/web-console-2.2.1/lib/web_console/templates/index.html.erb (22.3ms)


Started GET "/db_connects" for 127.0.0.1 at 2015-12-01 12:33:04 +0300
Processing by DbConnectsController#index as HTML
  [1m[35mDbConnect Load (0.4ms)[0m  SELECT "db_connects".* FROM "db_connects"
  Rendered db_connects/index.html.erb within layouts/application (2.5ms)
Completed 200 OK in 607ms (Views: 605.3ms | ActiveRecord: 1.0ms)


Started GET "/assets/db_connects.self-e3b0c44298fc1c149afbf4c8996fb92427ae41e4649b934ca495991b7852b855.css?body=1" for 127.0.0.1 at 2015-12-01 12:33:04 +0300


Started GET "/assets/application.self-e80e8f2318043e8af94dddc2adad5a4f09739a8ebb323b3ab31cd71d45fd9113.css?body=1" for 127.0.0.1 at 2015-12-01 12:33:04 +0300


Started GET "/assets/scaffolds.self-cd6dc5e410851e0049f9f933fee0eba4a29a41f44b6dbdb761587d4f42efb91c.css?body=1" for 127.0.0.1 at 2015-12-01 12:33:04 +0300


Started GET "/assets/db_connects.self-877aef30ae1b040ab8a3aba4e3e309a11d7f2612f44dde450b5c157aa5f95c05.js?body=1" for 127.0.0.1 at 2015-12-01 12:33:04 +0300


Started GET "/assets/application.self-3b8dabdc891efe46b9a144b400ad69e37d7e5876bdc39dee783419a69d7ca819.js?body=1" for 127.0.0.1 at 2015-12-01 12:33:04 +0300


Started GET "/db_connects/new" for 127.0.0.1 at 2015-12-01 12:33:14 +0300
Processing by DbConnectsController#new as HTML
  Rendered db_connects/_form.html.erb (18.1ms)
  Rendered db_connects/new.html.erb within layouts/application (19.6ms)
Completed 200 OK in 60ms (Views: 53.2ms | ActiveRecord: 1.2ms)


Started GET "/db_connects" for 127.0.0.1 at 2015-12-01 12:33:19 +0300
Processing by DbConnectsController#index as HTML
  [1m[36mDbConnect Load (0.2ms)[0m  [1mSELECT "db_connects".* FROM "db_connects"[0m
  Rendered db_connects/index.html.erb within layouts/application (1.9ms)
Completed 200 OK in 36ms (Views: 35.1ms | ActiveRecord: 0.2ms)


Started GET "/db_connects/new" for 127.0.0.1 at 2015-12-01 12:33:27 +0300
Processing by DbConnectsController#new as HTML
  Rendered db_connects/_form.html.erb (1.4ms)
  Rendered db_connects/new.html.erb within layouts/application (1.9ms)
Completed 200 OK in 29ms (Views: 28.9ms | ActiveRecord: 0.0ms)


Started GET "/db_connects" for 127.0.0.1 at 2015-12-01 12:33:28 +0300
Processing by DbConnectsController#index as HTML
  [1m[35mDbConnect Load (0.3ms)[0m  SELECT "db_connects".* FROM "db_connects"
  Rendered db_connects/index.html.erb within layouts/application (1.0ms)
Completed 200 OK in 23ms (Views: 22.0ms | ActiveRecord: 0.3ms)


Started GET "/db_connects/new" for 127.0.0.1 at 2015-12-01 12:33:29 +0300
Processing by DbConnectsController#new as HTML
  Rendered db_connects/_form.html.erb (2.7ms)
  Rendered db_connects/new.html.erb within layouts/application (4.0ms)
Completed 200 OK in 39ms (Views: 38.8ms | ActiveRecord: 0.0ms)


Started POST "/db_connects" for 127.0.0.1 at 2015-12-01 12:33:33 +0300
Processing by DbConnectsController#create as HTML
  Parameters: {"utf8"=>"✓", "authenticity_token"=>"mWMFe9axRdsQjTv485IiM59tR1KeTN01kWcRLIUuInWj+tNnG/zyoxijHqnhjQcSWAQEwP48+NWx4qwsN8qXCw==", "db_connect"=>{"data_base"=>"qw", "username"=>"qw", "password"=>"[FILTERED]"}, "commit"=>"Create Db connect"}
  [1m[36m (0.1ms)[0m  [1mBEGIN[0m
  [1m[35mSQL (0.3ms)[0m  INSERT INTO "db_connects" ("data_base", "username", "password", "created_at", "updated_at") VALUES ($1, $2, $3, $4, $5) RETURNING "id"  [["data_base", "qw"], ["username", "qw"], ["password", ""], ["created_at", "2015-12-01 09:33:33.348890"], ["updated_at", "2015-12-01 09:33:33.348890"]]
  [1m[36m (7.3ms)[0m  [1mCOMMIT[0m
Redirected to http://localhost:3000/db_connects/1
Completed 302 Found in 12ms (ActiveRecord: 7.8ms)


Started GET "/db_connects/1" for 127.0.0.1 at 2015-12-01 12:33:33 +0300
Processing by DbConnectsController#show as HTML
  Parameters: {"id"=>"1"}
  [1m[35mDbConnect Load (0.2ms)[0m  SELECT  "db_connects".* FROM "db_connects" WHERE "db_connects"."id" = $1 LIMIT 1  [["id", 1]]
  Rendered db_connects/show.html.erb within layouts/application (0.6ms)
Completed 200 OK in 22ms (Views: 17.9ms | ActiveRecord: 0.2ms)


Started GET "/db_connects" for 127.0.0.1 at 2015-12-01 12:33:37 +0300
Processing by DbConnectsController#index as HTML
  [1m[36mDbConnect Load (0.2ms)[0m  [1mSELECT "db_connects".* FROM "db_connects"[0m
  Rendered db_connects/index.html.erb within layouts/application (0.9ms)
Completed 200 OK in 18ms (Views: 17.1ms | ActiveRecord: 0.2ms)


Started GET "/db_connects" for 127.0.0.1 at 2015-12-01 12:35:42 +0300
Processing by DbConnectsController#index as HTML
  [1m[35mDbConnect Load (0.3ms)[0m  SELECT "db_connects".* FROM "db_connects"
  Rendered db_connects/index.html.erb within layouts/application (6.9ms)
Completed 200 OK in 41ms (Views: 36.4ms | ActiveRecord: 1.9ms)


Started GET "/assets/db_connects.self-e3b0c44298fc1c149afbf4c8996fb92427ae41e4649b934ca495991b7852b855.css?body=1" for 127.0.0.1 at 2015-12-01 12:35:42 +0300


Started GET "/assets/scaffolds.self-cd6dc5e410851e0049f9f933fee0eba4a29a41f44b6dbdb761587d4f42efb91c.css?body=1" for 127.0.0.1 at 2015-12-01 12:35:42 +0300


Started GET "/assets/jquery.self-a714331225dda820228db323939889f149aec0127aeb06255646b616ba1ca419.js?body=1" for 127.0.0.1 at 2015-12-01 12:35:42 +0300


Started GET "/assets/application.self-e80e8f2318043e8af94dddc2adad5a4f09739a8ebb323b3ab31cd71d45fd9113.css?body=1" for 127.0.0.1 at 2015-12-01 12:35:42 +0300


Started GET "/assets/jquery_ujs.self-d456baa54c1fa6be2ec3711f0a72ddf7a5b2f34a6b4f515f33767d6207b7d4b3.js?body=1" for 127.0.0.1 at 2015-12-01 12:35:42 +0300


Started GET "/assets/turbolinks.self-c37727e9bd6b2735da5c311aa83fead54ed0be6cc8bd9a65309e9c5abe2cbfff.js?body=1" for 127.0.0.1 at 2015-12-01 12:35:42 +0300


Started GET "/assets/db_connects.self-877aef30ae1b040ab8a3aba4e3e309a11d7f2612f44dde450b5c157aa5f95c05.js?body=1" for 127.0.0.1 at 2015-12-01 12:35:42 +0300


Started GET "/assets/application.self-3b8dabdc891efe46b9a144b400ad69e37d7e5876bdc39dee783419a69d7ca819.js?body=1" for 127.0.0.1 at 2015-12-01 12:35:42 +0300


Started GET "/db_connects/new" for 127.0.0.1 at 2015-12-01 12:35:44 +0300
Processing by DbConnectsController#new as HTML
  Rendered db_connects/_form.html.erb (1.4ms)
  Rendered db_connects/new.html.erb within layouts/application (1.9ms)
Completed 200 OK in 21ms (Views: 20.7ms | ActiveRecord: 0.0ms)


Started POST "/db_connects" for 127.0.0.1 at 2015-12-01 12:35:45 +0300
Processing by DbConnectsController#create as HTML
  Parameters: {"utf8"=>"✓", "authenticity_token"=>"0Y2aOg3g9N4t32H6oOlZSwzBTDGvlMtroUfK0GoMBW7rFEwmwK1DpiXxRKuy9nxqy6gPo8/k7ouBwnfQ2OiwEA==", "db_connect"=>{"data_base"=>"", "username"=>"", "password"=>"[FILTERED]"}, "commit"=>"Create Db connect"}
  [1m[36m (0.8ms)[0m  [1mBEGIN[0m
  [1m[35m (0.1ms)[0m  ROLLBACK
  Rendered db_connects/_form.html.erb (4.4ms)
  Rendered db_connects/new.html.erb within layouts/application (5.5ms)
Completed 200 OK in 35ms (Views: 30.8ms | ActiveRecord: 0.9ms)


Started GET "/db_connects" for 127.0.0.1 at 2015-12-01 12:36:34 +0300
Processing by DbConnectsController#index as HTML
  [1m[36mDbConnect Load (0.2ms)[0m  [1mSELECT "db_connects".* FROM "db_connects"[0m
  Rendered db_connects/index.html.erb within layouts/application (1.2ms)
Completed 200 OK in 22ms (Views: 21.6ms | ActiveRecord: 0.2ms)


Started GET "/db_connects/new" for 127.0.0.1 at 2015-12-01 12:36:46 +0300
Processing by DbConnectsController#new as HTML
  Rendered db_connects/_form.html.erb (1.4ms)
  Rendered db_connects/new.html.erb within layouts/application (1.9ms)
Completed 200 OK in 20ms (Views: 19.9ms | ActiveRecord: 0.0ms)


Started GET "/db_connects" for 127.0.0.1 at 2015-12-01 12:36:48 +0300
Processing by DbConnectsController#index as HTML
  [1m[35mDbConnect Load (0.2ms)[0m  SELECT "db_connects".* FROM "db_connects"
  Rendered db_connects/index.html.erb within layouts/application (0.9ms)
Completed 200 OK in 19ms (Views: 18.5ms | ActiveRecord: 0.2ms)
